<?xml version="1.0" encoding="UTF-8"?>
<testng-results skipped="0" failed="0" total="1" passed="1">
  <reporter-output>
  </reporter-output>
  <suite name="Default suite" duration-ms="383581" started-at="2019-06-24T09:10:15Z" finished-at="2019-06-24T09:16:39Z">
    <groups>
    </groups>
    <test name="Default test" duration-ms="383581" started-at="2019-06-24T09:10:15Z" finished-at="2019-06-24T09:16:39Z">
      <class name="com.test.suite.RunnerTest">
        <test-method status="PASS" signature="launchApplication()[pri:0, instance:com.test.suite.RunnerTest@60c6f5b]" name="launchApplication" is-config="true" duration-ms="12" started-at="2019-06-24T10:10:15Z" finished-at="2019-06-24T10:10:15Z">
          <reporter-output>
          </reporter-output>
        </test-method> <!-- launchApplication -->
        <test-method status="PASS" signature="Login()[pri:0, instance:com.test.suite.RunnerTest@60c6f5b]" name="Login" duration-ms="383551" started-at="2019-06-24T10:10:15Z" finished-at="2019-06-24T10:16:39Z">
          <reporter-output>
          </reporter-output>
        </test-method> <!-- Login -->
        <test-method status="PASS" signature="CloseTest()[pri:0, instance:com.test.suite.RunnerTest@60c6f5b]" name="CloseTest" is-config="true" duration-ms="0" started-at="2019-06-24T10:16:39Z" finished-at="2019-06-24T10:16:39Z">
          <reporter-output>
          </reporter-output>
        </test-method> <!-- CloseTest -->
      </class> <!-- com.test.suite.RunnerTest -->
    </test> <!-- Default test -->
  </suite> <!-- Default suite -->
</testng-results>
