<?xml version="1.0" encoding="UTF-8"?>
<testng-results skipped="0" failed="0" ignored="0" total="1" passed="1">
  <reporter-output>
  </reporter-output>
  <suite name="Default suite" duration-ms="324851" started-at="2019-09-23T10:59:43 BST" finished-at="2019-09-23T11:05:08 BST">
    <groups>
    </groups>
    <test name="Default test" duration-ms="324851" started-at="2019-09-23T10:59:43 BST" finished-at="2019-09-23T11:05:08 BST">
      <class name="com.test.suite.RunnerTest">
        <test-method status="PASS" signature="launchApplication()[pri:0, instance:com.test.suite.RunnerTest@52feb982]" name="launchApplication" is-config="true" duration-ms="13261" started-at="2019-09-23T10:59:43 BST" finished-at="2019-09-23T10:59:56 BST">
          <reporter-output>
          </reporter-output>
        </test-method> <!-- launchApplication -->
        <test-method status="PASS" signature="Login()[pri:0, instance:com.test.suite.RunnerTest@52feb982]" name="Login" duration-ms="311559" started-at="2019-09-23T10:59:56 BST" finished-at="2019-09-23T11:05:08 BST">
          <reporter-output>
          </reporter-output>
        </test-method> <!-- Login -->
        <test-method status="PASS" signature="CloseTest()[pri:0, instance:com.test.suite.RunnerTest@52feb982]" name="CloseTest" is-config="true" duration-ms="0" started-at="2019-09-23T11:05:08 BST" finished-at="2019-09-23T11:05:08 BST">
          <reporter-output>
          </reporter-output>
        </test-method> <!-- CloseTest -->
      </class> <!-- com.test.suite.RunnerTest -->
    </test> <!-- Default test -->
  </suite> <!-- Default suite -->
</testng-results>
